#
# There is insufficient memory for the Java Runtime Environment to continue.
# Native memory allocation (mmap) failed to map 27262976 bytes for Failed to commit area from 0x0000000089c00000 to 0x000000008b600000 of length 27262976.
# Possible reasons:
#   The system is out of physical RAM or swap space
#   The process is running with CompressedOops enabled, and the Java Heap may be blocking the growth of the native heap
# Possible solutions:
#   Reduce memory load on the system
#   Increase physical memory or swap space
#   Check if swap backing store is full
#   Decrease Java heap size (-Xmx/-Xms)
#   Decrease number of Java threads
#   Decrease Java thread stack sizes (-Xss)
#   Set larger code cache with -XX:ReservedCodeCacheSize=
#   JVM is running with Unscaled Compressed Oops mode in which the Java heap is
#     placed in the first 4GB address space. The Java Heap base address is the
#     maximum limit for the native heap growth. Please use -XX:HeapBaseMinAddress
#     to set the Java Heap base and to place the Java Heap above 4GB virtual address.
# This output file may be truncated or incomplete.
#
#  Out of Memory Error (./open/src/hotspot/os/windows/os_windows.cpp:3275), pid=11108, tid=28004
#
# JRE version: Java(TM) SE Runtime Environment 18.9 (11.0.9+7) (build 11.0.9+7-LTS)
# Java VM: Java HotSpot(TM) 64-Bit Server VM 18.9 (11.0.9+7-LTS, mixed mode, tiered, compressed oops, g1 gc, windows-amd64)
# No core dump will be written. Minidumps are not enabled by default on client versions of Windows
#

---------------  S U M M A R Y ------------

Command Line: -agentlib:jdwp=transport=dt_socket,address=127.0.0.1:50352,suspend=y,server=n -XX:TieredStopAtLevel=1 -Xverify:none -Dspring.output.ansi.enabled=always -javaagent:C:\Users\LUUQUAN-PC\AppData\Local\JetBrains\IntelliJIdea2021.2\groovyHotSwap\gragent.jar -javaagent:C:\Users\LUUQUAN-PC\AppData\Local\JetBrains\IntelliJIdea2021.2\captureAgent\debugger-agent.jar=file:/C:/Users/LUUQUAN-PC/AppData/Local/Temp/capture.props -Dcom.sun.management.jmxremote -Dspring.jmx.enabled=true -Dspring.liveBeansView.mbeanDomain -Dspring.application.admin.enabled=true -Dfile.encoding=UTF-8 com.jpa.jpaCode.event.Main

Host: Intel(R) Core(TM) i5-8250U CPU @ 1.60GHz, 8 cores, 7G,  Windows 10 , 64 bit Build 19041 (10.0.19041.2546)
Time: Sun Mar 12 01:12:07 2023 SE Asia Standard Time elapsed time: 8.823451 seconds (0d 0h 0m 8s)

---------------  T H R E A D  ---------------

Current thread (0x0000027478fc5800):  VMThread "VM Thread" [stack: 0x000000d269000000,0x000000d269100000] [id=28004]

Stack: [0x000000d269000000,0x000000d269100000]
[error occurred during error reporting (printing stack bounds), id 0xc0000005, EXCEPTION_ACCESS_VIOLATION (0xc0000005) at pc=0x0000027462720dad]

Native frames: (J=compiled Java code, j=interpreted, Vv=VM code, C=native code)
V  [jvm.dll+0x611a3a]
V  [jvm.dll+0x748aaf]
V  [jvm.dll+0x74a135]
V  [jvm.dll+0x74a715]
V  [jvm.dll+0x74a6cb]
V  [jvm.dll+0x611323]
V  [jvm.dll+0x6116e8]
C  [ntdll.dll+0xa241f]
C  [ntdll.dll+0x514a4]
C  [ntdll.dll+0xa0f4e]
C  0x0000027462720dad

VM_Operation (0x000000d26acfdb40): G1CollectForAllocation, mode: safepoint, requested by thread 0x000002747d36a800


---------------  P R O C E S S  ---------------

Threads class SMR info:
_java_thread_list=0x000002747bca0900, length=21, elements={
0x000002745a2c6000, 0x0000027478ff2000, 0x0000027478ffb000, 0x000002747984d800,
0x000002747984f800, 0x0000027479850800, 0x0000027479862000, 0x0000027478f84000,
0x0000027479b01800, 0x0000027479b03000, 0x0000027479b25000, 0x000002747a267000,
0x000002747a3eb800, 0x000002747b1a5000, 0x000002747b227800, 0x000002747d36c800,
0x000002747d36d000, 0x000002747d36e000, 0x000002747d36a000, 0x000002747d368800,
0x000002747d36a800
}

Java Threads: ( => current thread )
  0x000002745a2c6000 JavaThread "main" [_thread_blocked, id=2096, stack(0x000000d268a00000,0x000000d268b00000)]
  0x0000027478ff2000 JavaThread "Reference Handler" daemon [_thread_blocked, id=13580, stack(0x000000d269100000,0x000000d269200000)]
  0x0000027478ffb000 JavaThread "Finalizer" daemon [_thread_blocked, id=3976, stack(0x000000d269200000,0x000000d269300000)]
  0x000002747984d800 JavaThread "Signal Dispatcher" daemon [_thread_blocked, id=3340, stack(0x000000d269300000,0x000000d269400000)]
  0x000002747984f800 JavaThread "Attach Listener" daemon [_thread_blocked, id=32588, stack(0x000000d269400000,0x000000d269500000)]
  0x0000027479850800 JavaThread "C1 CompilerThread0" daemon [_thread_blocked, id=4012, stack(0x000000d269500000,0x000000d269600000)]
  0x0000027479862000 JavaThread "Sweeper thread" daemon [_thread_blocked, id=31224, stack(0x000000d269600000,0x000000d269700000)]
  0x0000027478f84000 JavaThread "Common-Cleaner" daemon [_thread_blocked, id=14748, stack(0x000000d269700000,0x000000d269800000)]
  0x0000027479b01800 JavaThread "JDWP Transport Listener: dt_socket" daemon [_thread_blocked, id=22564, stack(0x000000d269800000,0x000000d269900000)]
  0x0000027479b03000 JavaThread "JDWP Event Helper Thread" daemon [_thread_blocked, id=15244, stack(0x000000d269900000,0x000000d269a00000)]
  0x0000027479b25000 JavaThread "JDWP Command Reader" daemon [_thread_in_native, id=23332, stack(0x000000d269a00000,0x000000d269b00000)]
  0x000002747a267000 JavaThread "Service Thread" daemon [_thread_blocked, id=28164, stack(0x000000d269b00000,0x000000d269c00000)]
  0x000002747a3eb800 JavaThread "RMI TCP Accept-0" daemon [_thread_in_native, id=3300, stack(0x000000d269c00000,0x000000d269d00000)]
  0x000002747b1a5000 JavaThread "RMI TCP Connection(1)-192.168.1.104" daemon [_thread_blocked, id=12096, stack(0x000000d26a000000,0x000000d26a100000)]
  0x000002747b227800 JavaThread "RMI Scheduler(0)" daemon [_thread_blocked, id=25156, stack(0x000000d26a100000,0x000000d26a200000)]
  0x000002747d36c800 JavaThread "Catalina-utility-1" [_thread_blocked, id=1620, stack(0x000000d26a200000,0x000000d26a300000)]
  0x000002747d36d000 JavaThread "Catalina-utility-2" [_thread_blocked, id=23676, stack(0x000000d26a500000,0x000000d26a600000)]
  0x000002747d36e000 JavaThread "container-0" [_thread_blocked, id=28616, stack(0x000000d26a800000,0x000000d26a900000)]
  0x000002747d36a000 JavaThread "mysql-cj-abandoned-connection-cleanup" daemon [_thread_blocked, id=14440, stack(0x000000d26a900000,0x000000d26aa00000)]
  0x000002747d368800 JavaThread "HikariPool-1 housekeeper" daemon [_thread_blocked, id=29372, stack(0x000000d26ab00000,0x000000d26ac00000)]
  0x000002747d36a800 JavaThread "HikariPool-1 connection adder" daemon [_thread_blocked, id=6724, stack(0x000000d26ac00000,0x000000d26ad00000)]

Other Threads:
=>0x0000027478fc5800 VMThread "VM Thread" [stack: 0x000000d269000000,0x000000d269100000] [id=28004]
  0x000002747a352000 WatcherThread [stack: 0x000000d269f00000,0x000000d26a000000] [id=27036]
  0x000002745a2dd000 GCTaskThread "GC Thread#0" [stack: 0x000000d268b00000,0x000000d268c00000] [id=23304]
  0x000002747a3f3000 GCTaskThread "GC Thread#1" [stack: 0x000000d269d00000,0x000000d269e00000] [id=25288]
  0x000002747a422000 GCTaskThread "GC Thread#2" [stack: 0x000000d269e00000,0x000000d269f00000] [id=27756]
  0x000002747a46f800 GCTaskThread "GC Thread#3" [stack: 0x000000d26a300000,0x000000d26a400000] [id=11032]
  0x000002747b828800 GCTaskThread "GC Thread#4" [stack: 0x000000d26a600000,0x000000d26a700000] [id=11696]
  0x000002747b72c800 GCTaskThread "GC Thread#5" [stack: 0x000000d26a700000,0x000000d26a800000] [id=17016]
  0x000002747afc1800 GCTaskThread "GC Thread#6" [stack: 0x000000d26ad00000,0x000000d26ae00000] [id=15928]
  0x000002747d66c800 GCTaskThread "GC Thread#7" [stack: 0x000000d26ae00000,0x000000d26af00000] [id=18896]
  0x000002745a30c800 ConcurrentGCThread "G1 Main Marker" [stack: 0x000000d268c00000,0x000000d268d00000] [id=14764]
  0x000002745a30f000 ConcurrentGCThread "G1 Conc#0" [stack: 0x000000d268d00000,0x000000d268e00000] [id=6516]
  0x000002747b455000 ConcurrentGCThread "G1 Conc#1" [stack: 0x000000d26a400000,0x000000d26a500000] [id=23572]
  0x000002745a37d800 ConcurrentGCThread "G1 Refine#0" [stack: 0x000000d268e00000,0x000000d268f00000] [id=14116]
  0x000002745a37e800 ConcurrentGCThread "G1 Young RemSet Sampling" [stack: 0x000000d268f00000,0x000000d269000000] [id=14276]

Threads with active compile tasks:

VM state:at safepoint (normal execution)

VM Mutex/Monitor currently owned by a thread:  ([mutex/lock_event])
[0x000002745a2c1860] Threads_lock - owner thread: 0x0000027478fc5800
[0x000002745a2c2700] Heap_lock - owner thread: 0x000002747d36a800

Heap address: 0x0000000081c00000, size: 2020 MB, Compressed Oops mode: 32-bit
Narrow klass base: 0x0000000000000000, Narrow klass shift: 3
Compressed class space size: 1073741824 Address: 0x0000000100000000

Heap:
 garbage-first heap   total 157696K, used 24159K [0x0000000081c00000, 0x0000000100000000)
  region size 1024K, 9 young (9216K), 9 survivors (9216K)
 Metaspace       used 45649K, capacity 47020K, committed 47280K, reserved 1091584K
  class space    used 5610K, capacity 6135K, committed 6144K, reserved 1048576K
Heap Regions: E=young(eden), S=young(survivor), O=old, HS=humongous(starts), HC=humongous(continues), CS=collection set, F=free, A=archive, TAMS=top-at-mark-start (previous, next)
|   0|0x0000000081c00000, 0x0000000081d00000, 0x0000000081d00000|100%|HS|  |TAMS 0x0000000081d00000, 0x0000000081c00000| Complete 
|   1|0x0000000081d00000, 0x0000000081e00000, 0x0000000081e00000|100%| O|  |TAMS 0x0000000081e00000, 0x0000000081d00000| Untracked 
|   2|0x0000000081e00000, 0x0000000081f00000, 0x0000000081f00000|100%| O|  |TAMS 0x0000000081f00000, 0x0000000081e00000| Untracked 
|   3|0x0000000081f00000, 0x0000000082000000, 0x0000000082000000|100%| O|  |TAMS 0x0000000082000000, 0x0000000081f00000| Untracked 
|   4|0x0000000082000000, 0x0000000082100000, 0x0000000082100000|100%| O|  |TAMS 0x0000000082100000, 0x0000000082000000| Untracked 
|   5|0x0000000082100000, 0x0000000082200000, 0x0000000082200000|100%| O|  |TAMS 0x0000000082200000, 0x0000000082100000| Untracked 
|   6|0x0000000082200000, 0x0000000082300000, 0x0000000082300000|100%| O|  |TAMS 0x0000000082300000, 0x0000000082200000| Untracked 
|   7|0x0000000082300000, 0x0000000082400000, 0x0000000082400000|100%| O|  |TAMS 0x0000000082400000, 0x0000000082300000| Untracked 
|   8|0x0000000082400000, 0x0000000082500000, 0x0000000082500000|100%| O|  |TAMS 0x0000000082500000, 0x0000000082400000| Untracked 
|   9|0x0000000082500000, 0x0000000082600000, 0x0000000082600000|100%| O|  |TAMS 0x0000000082600000, 0x0000000082500000| Untracked 
|  10|0x0000000082600000, 0x0000000082700000, 0x0000000082700000|100%| O|  |TAMS 0x0000000082700000, 0x0000000082600000| Untracked 
|  11|0x0000000082700000, 0x0000000082800000, 0x0000000082800000|100%| O|  |TAMS 0x00000000827f6c00, 0x0000000082700000| Untracked 
|  12|0x0000000082800000, 0x0000000082900000, 0x0000000082900000|100%| O|  |TAMS 0x0000000082800000, 0x0000000082800000| Untracked 
|  13|0x0000000082900000, 0x0000000082a00000, 0x0000000082a00000|100%| O|  |TAMS 0x0000000082900000, 0x0000000082900000| Untracked 
|  14|0x0000000082a00000, 0x0000000082aae400, 0x0000000082b00000| 68%| O|  |TAMS 0x0000000082a00000, 0x0000000082a00000| Untracked 
|  15|0x0000000082b00000, 0x0000000082b00000, 0x0000000082c00000|  0%| F|  |TAMS 0x0000000082b00000, 0x0000000082b00000| Untracked 
|  16|0x0000000082c00000, 0x0000000082c00000, 0x0000000082d00000|  0%| F|  |TAMS 0x0000000082c00000, 0x0000000082c00000| Untracked 
|  17|0x0000000082d00000, 0x0000000082d00000, 0x0000000082e00000|  0%| F|  |TAMS 0x0000000082d00000, 0x0000000082d00000| Untracked 
|  18|0x0000000082e00000, 0x0000000082e00000, 0x0000000082f00000|  0%| F|  |TAMS 0x0000000082e00000, 0x0000000082e00000| Untracked 
|  19|0x0000000082f00000, 0x0000000082f00000, 0x0000000083000000|  0%| F|  |TAMS 0x0000000082f00000, 0x0000000082f00000| Untracked 
|  20|0x0000000083000000, 0x0000000083000000, 0x0000000083100000|  0%| F|  |TAMS 0x0000000083000000, 0x0000000083000000| Untracked 
|  21|0x0000000083100000, 0x0000000083100000, 0x0000000083200000|  0%| F|  |TAMS 0x0000000083100000, 0x0000000083100000| Untracked 
|  22|0x0000000083200000, 0x0000000083200000, 0x0000000083300000|  0%| F|  |TAMS 0x0000000083200000, 0x0000000083200000| Untracked 
|  23|0x0000000083300000, 0x0000000083300000, 0x0000000083400000|  0%| F|  |TAMS 0x0000000083300000, 0x0000000083300000| Untracked 
|  24|0x0000000083400000, 0x0000000083400000, 0x0000000083500000|  0%| F|  |TAMS 0x0000000083400000, 0x0000000083400000| Untracked 
|  25|0x0000000083500000, 0x0000000083500000, 0x0000000083600000|  0%| F|  |TAMS 0x0000000083500000, 0x0000000083500000| Untracked 
|  26|0x0000000083600000, 0x0000000083600000, 0x0000000083700000|  0%| F|  |TAMS 0x0000000083600000, 0x0000000083600000| Untracked 
|  27|0x0000000083700000, 0x0000000083700000, 0x0000000083800000|  0%| F|  |TAMS 0x0000000083700000, 0x0000000083700000| Untracked 
|  28|0x0000000083800000, 0x0000000083800000, 0x0000000083900000|  0%| F|  |TAMS 0x0000000083800000, 0x0000000083800000| Untracked 
|  29|0x0000000083900000, 0x0000000083900000, 0x0000000083a00000|  0%| F|  |TAMS 0x0000000083900000, 0x0000000083900000| Untracked 
|  30|0x0000000083a00000, 0x0000000083a00000, 0x0000000083b00000|  0%| F|  |TAMS 0x0000000083a00000, 0x0000000083a00000| Untracked 
|  31|0x0000000083b00000, 0x0000000083b00000, 0x0000000083c00000|  0%| F|  |TAMS 0x0000000083b00000, 0x0000000083b00000| Untracked 
|  32|0x0000000083c00000, 0x0000000083c00000, 0x0000000083d00000|  0%| F|  |TAMS 0x0000000083c00000, 0x0000000083c00000| Untracked 
|  33|0x0000000083d00000, 0x0000000083d00000, 0x0000000083e00000|  0%| F|  |TAMS 0x0000000083d00000, 0x0000000083d00000| Untracked 
|  34|0x0000000083e00000, 0x0000000083e00000, 0x0000000083f00000|  0%| F|  |TAMS 0x0000000083e00000, 0x0000000083e00000| Untracked 
|  35|0x0000000083f00000, 0x0000000083f00000, 0x0000000084000000|  0%| F|  |TAMS 0x0000000083f00000, 0x0000000083f00000| Untracked 
|  36|0x0000000084000000, 0x0000000084000000, 0x0000000084100000|  0%| F|  |TAMS 0x0000000084000000, 0x0000000084000000| Untracked 
|  37|0x0000000084100000, 0x0000000084100000, 0x0000000084200000|  0%| F|  |TAMS 0x0000000084100000, 0x0000000084100000| Untracked 
|  38|0x0000000084200000, 0x0000000084200000, 0x0000000084300000|  0%| F|  |TAMS 0x0000000084200000, 0x0000000084200000| Untracked 
|  39|0x0000000084300000, 0x0000000084300000, 0x0000000084400000|  0%| F|  |TAMS 0x0000000084300000, 0x0000000084300000| Untracked 
|  40|0x0000000084400000, 0x0000000084400000, 0x0000000084500000|  0%| F|  |TAMS 0x0000000084400000, 0x0000000084400000| Untracked 
|  41|0x0000000084500000, 0x0000000084500000, 0x0000000084600000|  0%| F|  |TAMS 0x0000000084500000, 0x0000000084500000| Untracked 
|  42|0x0000000084600000, 0x0000000084600000, 0x0000000084700000|  0%| F|  |TAMS 0x0000000084600000, 0x0000000084600000| Untracked 
|  43|0x0000000084700000, 0x00000000847e9a38, 0x0000000084800000| 91%| S|CS|TAMS 0x0000000084700000, 0x0000000084700000| Complete 
|  44|0x0000000084800000, 0x0000000084900000, 0x0000000084900000|100%| S|CS|TAMS 0x0000000084800000, 0x0000000084800000| Complete 
|  45|0x0000000084900000, 0x0000000084a00000, 0x0000000084a00000|100%| S|CS|TAMS 0x0000000084900000, 0x0000000084900000| Complete 
|  46|0x0000000084a00000, 0x0000000084a00000, 0x0000000084b00000|  0%| F|  |TAMS 0x0000000084a00000, 0x0000000084a00000| Untracked 
|  47|0x0000000084b00000, 0x0000000084b00000, 0x0000000084c00000|  0%| F|  |TAMS 0x0000000084b00000, 0x0000000084b00000| Untracked 
|  48|0x0000000084c00000, 0x0000000084c00000, 0x0000000084d00000|  0%| F|  |TAMS 0x0000000084c00000, 0x0000000084c00000| Untracked 
|  49|0x0000000084d00000, 0x0000000084d00000, 0x0000000084e00000|  0%| F|  |TAMS 0x0000000084d00000, 0x0000000084d00000| Untracked 
|  50|0x0000000084e00000, 0x0000000084e00000, 0x0000000084f00000|  0%| F|  |TAMS 0x0000000084e00000, 0x0000000084e00000| Untracked 
|  51|0x0000000084f00000, 0x0000000084f00000, 0x0000000085000000|  0%| F|  |TAMS 0x0000000084f00000, 0x0000000084f00000| Untracked 
|  52|0x0000000085000000, 0x0000000085100000, 0x0000000085100000|100%| S|CS|TAMS 0x0000000085000000, 0x0000000085000000| Complete 
|  53|0x0000000085100000, 0x0000000085200000, 0x0000000085200000|100%| S|CS|TAMS 0x0000000085100000, 0x0000000085100000| Complete 
|  54|0x0000000085200000, 0x0000000085300000, 0x0000000085300000|100%| S|CS|TAMS 0x0000000085200000, 0x0000000085200000| Complete 
|  55|0x0000000085300000, 0x0000000085400000, 0x0000000085400000|100%| S|CS|TAMS 0x0000000085300000, 0x0000000085300000| Complete 
|  56|0x0000000085400000, 0x0000000085500000, 0x0000000085500000|100%| S|CS|TAMS 0x0000000085400000, 0x0000000085400000| Complete 
|  57|0x0000000085500000, 0x0000000085600000, 0x0000000085600000|100%| S|CS|TAMS 0x0000000085500000, 0x0000000085500000| Complete 
|  58|0x0000000085600000, 0x0000000085600000, 0x0000000085700000|  0%| F|  |TAMS 0x0000000085600000, 0x0000000085600000| Untracked 
|  59|0x0000000085700000, 0x0000000085700000, 0x0000000085800000|  0%| F|  |TAMS 0x0000000085700000, 0x0000000085700000| Untracked 
|  60|0x0000000085800000, 0x0000000085800000, 0x0000000085900000|  0%| F|  |TAMS 0x0000000085800000, 0x0000000085800000| Untracked 
|  61|0x0000000085900000, 0x0000000085900000, 0x0000000085a00000|  0%| F|  |TAMS 0x0000000085900000, 0x0000000085900000| Untracked 
|  62|0x0000000085a00000, 0x0000000085a00000, 0x0000000085b00000|  0%| F|  |TAMS 0x0000000085a00000, 0x0000000085a00000| Untracked 
|  63|0x0000000085b00000, 0x0000000085b00000, 0x0000000085c00000|  0%| F|  |TAMS 0x0000000085b00000, 0x0000000085b00000| Untracked 
|  64|0x0000000085c00000, 0x0000000085c00000, 0x0000000085d00000|  0%| F|  |TAMS 0x0000000085c00000, 0x0000000085c00000| Untracked 
|  65|0x0000000085d00000, 0x0000000085d00000, 0x0000000085e00000|  0%| F|  |TAMS 0x0000000085d00000, 0x0000000085d00000| Untracked 
|  66|0x0000000085e00000, 0x0000000085e00000, 0x0000000085f00000|  0%| F|  |TAMS 0x0000000085e00000, 0x0000000085e00000| Untracked 
|  67|0x0000000085f00000, 0x0000000085f00000, 0x0000000086000000|  0%| F|  |TAMS 0x0000000085f00000, 0x0000000085f00000| Untracked 
|  68|0x0000000086000000, 0x0000000086000000, 0x0000000086100000|  0%| F|  |TAMS 0x0000000086000000, 0x0000000086000000| Untracked 
|  69|0x0000000086100000, 0x0000000086100000, 0x0000000086200000|  0%| F|  |TAMS 0x0000000086100000, 0x0000000086100000| Untracked 
|  70|0x0000000086200000, 0x0000000086200000, 0x0000000086300000|  0%| F|  |TAMS 0x0000000086200000, 0x0000000086200000| Untracked 
|  71|0x0000000086300000, 0x0000000086300000, 0x0000000086400000|  0%| F|  |TAMS 0x0000000086300000, 0x0000000086300000| Untracked 
|  72|0x0000000086400000, 0x0000000086400000, 0x0000000086500000|  0%| F|  |TAMS 0x0000000086400000, 0x0000000086400000| Untracked 
|  73|0x0000000086500000, 0x0000000086500000, 0x0000000086600000|  0%| F|  |TAMS 0x0000000086500000, 0x0000000086500000| Untracked 
|  74|0x0000000086600000, 0x0000000086600000, 0x0000000086700000|  0%| F|  |TAMS 0x0000000086600000, 0x0000000086600000| Untracked 
|  75|0x0000000086700000, 0x0000000086700000, 0x0000000086800000|  0%| F|  |TAMS 0x0000000086700000, 0x0000000086700000| Untracked 
|  76|0x0000000086800000, 0x0000000086800000, 0x0000000086900000|  0%| F|  |TAMS 0x0000000086800000, 0x0000000086800000| Untracked 
|  77|0x0000000086900000, 0x0000000086900000, 0x0000000086a00000|  0%| F|  |TAMS 0x0000000086900000, 0x0000000086900000| Untracked 
|  78|0x0000000086a00000, 0x0000000086a00000, 0x0000000086b00000|  0%| F|  |TAMS 0x0000000086a00000, 0x0000000086a00000| Untracked 
|  79|0x0000000086b00000, 0x0000000086b00000, 0x0000000086c00000|  0%| F|  |TAMS 0x0000000086b00000, 0x0000000086b00000| Untracked 
|  80|0x0000000086c00000, 0x0000000086c00000, 0x0000000086d00000|  0%| F|  |TAMS 0x0000000086c00000, 0x0000000086c00000| Untracked 
|  81|0x0000000086d00000, 0x0000000086d00000, 0x0000000086e00000|  0%| F|  |TAMS 0x0000000086d00000, 0x0000000086d00000| Untracked 
|  82|0x0000000086e00000, 0x0000000086e00000, 0x0000000086f00000|  0%| F|  |TAMS 0x0000000086e00000, 0x0000000086e00000| Untracked 
|  83|0x0000000086f00000, 0x0000000086f00000, 0x0000000087000000|  0%| F|  |TAMS 0x0000000086f00000, 0x0000000086f00000| Untracked 
|  84|0x0000000087000000, 0x0000000087000000, 0x0000000087100000|  0%| F|  |TAMS 0x0000000087000000, 0x0000000087000000| Untracked 
|  85|0x0000000087100000, 0x0000000087100000, 0x0000000087200000|  0%| F|  |TAMS 0x0000000087100000, 0x0000000087100000| Untracked 
|  86|0x0000000087200000, 0x0000000087200000, 0x0000000087300000|  0%| F|  |TAMS 0x0000000087200000, 0x0000000087200000| Untracked 
|  87|0x0000000087300000, 0x0000000087300000, 0x0000000087400000|  0%| F|  |TAMS 0x0000000087300000, 0x0000000087300000| Untracked 
|  88|0x0000000087400000, 0x0000000087400000, 0x0000000087500000|  0%| F|  |TAMS 0x0000000087400000, 0x0000000087400000| Untracked 
|  89|0x0000000087500000, 0x0000000087500000, 0x0000000087600000|  0%| F|  |TAMS 0x0000000087500000, 0x0000000087500000| Untracked 
|  90|0x0000000087600000, 0x0000000087600000, 0x0000000087700000|  0%| F|  |TAMS 0x0000000087600000, 0x0000000087600000| Untracked 
|  91|0x0000000087700000, 0x0000000087700000, 0x0000000087800000|  0%| F|  |TAMS 0x0000000087700000, 0x0000000087700000| Untracked 
|  92|0x0000000087800000, 0x0000000087800000, 0x0000000087900000|  0%| F|  |TAMS 0x0000000087800000, 0x0000000087800000| Untracked 
|  93|0x0000000087900000, 0x0000000087900000, 0x0000000087a00000|  0%| F|  |TAMS 0x0000000087900000, 0x0000000087900000| Untracked 
|  94|0x0000000087a00000, 0x0000000087a00000, 0x0000000087b00000|  0%| F|  |TAMS 0x0000000087a00000, 0x0000000087a00000| Untracked 
|  95|0x0000000087b00000, 0x0000000087b00000, 0x0000000087c00000|  0%| F|  |TAMS 0x0000000087b00000, 0x0000000087b00000| Untracked 
|  96|0x0000000087c00000, 0x0000000087c00000, 0x0000000087d00000|  0%| F|  |TAMS 0x0000000087c00000, 0x0000000087c00000| Untracked 
|  97|0x0000000087d00000, 0x0000000087d00000, 0x0000000087e00000|  0%| F|  |TAMS 0x0000000087d00000, 0x0000000087d00000| Untracked 
|  98|0x0000000087e00000, 0x0000000087e00000, 0x0000000087f00000|  0%| F|  |TAMS 0x0000000087e00000, 0x0000000087e00000| Untracked 
|  99|0x0000000087f00000, 0x0000000087f00000, 0x0000000088000000|  0%| F|  |TAMS 0x0000000087f00000, 0x0000000087f00000| Untracked 
| 100|0x0000000088000000, 0x0000000088000000, 0x0000000088100000|  0%| F|  |TAMS 0x0000000088000000, 0x0000000088000000| Untracked 
| 101|0x0000000088100000, 0x0000000088100000, 0x0000000088200000|  0%| F|  |TAMS 0x0000000088100000, 0x0000000088100000| Untracked 
| 102|0x0000000088200000, 0x0000000088200000, 0x0000000088300000|  0%| F|  |TAMS 0x0000000088200000, 0x0000000088200000| Untracked 
| 103|0x0000000088300000, 0x0000000088300000, 0x0000000088400000|  0%| F|  |TAMS 0x0000000088300000, 0x0000000088300000| Untracked 
| 104|0x0000000088400000, 0x0000000088400000, 0x0000000088500000|  0%| F|  |TAMS 0x0000000088400000, 0x0000000088400000| Untracked 
| 105|0x0000000088500000, 0x0000000088500000, 0x0000000088600000|  0%| F|  |TAMS 0x0000000088500000, 0x0000000088500000| Untracked 
| 106|0x0000000088600000, 0x0000000088600000, 0x0000000088700000|  0%| F|  |TAMS 0x0000000088600000, 0x0000000088600000| Untracked 
| 107|0x0000000088700000, 0x0000000088700000, 0x0000000088800000|  0%| F|  |TAMS 0x0000000088700000, 0x0000000088700000| Untracked 
| 108|0x0000000088800000, 0x0000000088800000, 0x0000000088900000|  0%| F|  |TAMS 0x0000000088800000, 0x0000000088800000| Untracked 
| 109|0x0000000088900000, 0x0000000088900000, 0x0000000088a00000|  0%| F|  |TAMS 0x0000000088900000, 0x0000000088900000| Untracked 
| 110|0x0000000088a00000, 0x0000000088a00000, 0x0000000088b00000|  0%| F|  |TAMS 0x0000000088a00000, 0x0000000088a00000| Untracked 
| 111|0x0000000088b00000, 0x0000000088b00000, 0x0000000088c00000|  0%| F|  |TAMS 0x0000000088b00000, 0x0000000088b00000| Untracked 
| 112|0x0000000088c00000, 0x0000000088c00000, 0x0000000088d00000|  0%| F|  |TAMS 0x0000000088c00000, 0x0000000088c00000| Untracked 
| 113|0x0000000088d00000, 0x0000000088d00000, 0x0000000088e00000|  0%| F|  |TAMS 0x0000000088d00000, 0x0000000088d00000| Untracked 
| 114|0x0000000088e00000, 0x0000000088e00000, 0x0000000088f00000|  0%| F|  |TAMS 0x0000000088e00000, 0x0000000088e00000| Untracked 
| 115|0x0000000088f00000, 0x0000000088f00000, 0x0000000089000000|  0%| F|  |TAMS 0x0000000088f00000, 0x0000000088f00000| Untracked 
| 116|0x0000000089000000, 0x0000000089000000, 0x0000000089100000|  0%| F|  |TAMS 0x0000000089000000, 0x0000000089000000| Untracked 
| 117|0x0000000089100000, 0x0000000089100000, 0x0000000089200000|  0%| F|  |TAMS 0x0000000089100000, 0x0000000089100000| Untracked 
| 118|0x0000000089200000, 0x0000000089200000, 0x0000000089300000|  0%| F|  |TAMS 0x0000000089200000, 0x0000000089200000| Untracked 
| 119|0x0000000089300000, 0x0000000089300000, 0x0000000089400000|  0%| F|  |TAMS 0x0000000089300000, 0x0000000089300000| Untracked 
| 120|0x0000000089400000, 0x0000000089400000, 0x0000000089500000|  0%| F|  |TAMS 0x0000000089400000, 0x0000000089400000| Untracked 
| 121|0x0000000089500000, 0x0000000089500000, 0x0000000089600000|  0%| F|  |TAMS 0x0000000089500000, 0x0000000089500000| Untracked 
| 122|0x0000000089600000, 0x0000000089600000, 0x0000000089700000|  0%| F|  |TAMS 0x0000000089600000, 0x0000000089600000| Untracked 
| 123|0x0000000089700000, 0x0000000089700000, 0x0000000089800000|  0%| F|  |TAMS 0x0000000089700000, 0x0000000089700000| Untracked 
| 124|0x0000000089800000, 0x0000000089800000, 0x0000000089900000|  0%| F|  |TAMS 0x0000000089800000, 0x0000000089800000| Untracked 
| 125|0x0000000089900000, 0x0000000089900000, 0x0000000089a00000|  0%| F|  |TAMS 0x0000000089900000, 0x0000000089900000| Untracked 
| 126|0x0000000089a00000, 0x0000000089a00000, 0x0000000089b00000|  0%| F|  |TAMS 0x0000000089a00000, 0x0000000089a00000| Untracked 
| 127|0x0000000089b00000, 0x0000000089b00000, 0x0000000089c00000|  0%| F|  |TAMS 0x0000000089b00000, 0x0000000089b00000| Untracked 

Card table byte_map: [0x0000027471e50000,0x0000027472250000] _byte_map_base: 0x0000027471a42000

Marking Bits (Prev, Next): (CMBitMap*) 0x000002745a304158, (CMBitMap*) 0x000002745a304190
 Prev Bits: [0x0000027472650000, 0x00000274745e0000)
 Next Bits: [0x00000274745e0000, 0x0000027476570000)

Polling page: 0x0000027458260000

Metaspace:

Usage:
  Non-class:     39.93 MB capacity,    39.10 MB ( 98%) used,   683.15 KB (  2%) free+waste,   163.00 KB ( <1%) overhead. 
      Class:      5.99 MB capacity,     5.48 MB ( 91%) used,   444.45 KB (  7%) free+waste,    79.75 KB (  1%) overhead. 
       Both:     45.92 MB capacity,    44.58 MB ( 97%) used,     1.10 MB (  2%) free+waste,   242.75 KB ( <1%) overhead. 

Virtual space:
  Non-class space:       42.00 MB reserved,      40.17 MB ( 96%) committed 
      Class space:        1.00 GB reserved,       6.00 MB ( <1%) committed 
             Both:        1.04 GB reserved,      46.17 MB (  4%) committed 

Chunk freelists:
   Non-Class:  7.38 KB
       Class:  1.13 KB
        Both:  8.50 KB

CodeHeap 'non-profiled nmethods': size=238336Kb used=7091Kb max_used=7091Kb free=231244Kb
 bounds [0x0000027462e60000, 0x0000027463550000, 0x0000027471720000]
CodeHeap 'non-nmethods': size=7424Kb used=1292Kb max_used=1292Kb free=6131Kb
 bounds [0x0000027462720000, 0x0000027462990000, 0x0000027462e60000]
 total_blobs=4684 nmethods=4126 adapters=492
 compilation: enabled
              stopped_count=0, restarted_count=0
 full_count=0

Compilation events (10 events):
Event: 8.799 Thread 0x0000027479850800 4122       1       java.util.stream.FindOps$FindSink$OfRef$$Lambda$11/0x0000000100062c40::get (8 bytes)
Event: 8.800 Thread 0x0000027479850800 nmethod 4122 0x000002746354b490 code [0x000002746354b620, 0x000002746354b798]
Event: 8.800 Thread 0x0000027479850800 4123       1       com.mysql.cj.protocol.ExportControlled$$Lambda$738/0x0000000100587840::test (8 bytes)
Event: 8.800 Thread 0x0000027479850800 nmethod 4123 0x000002746354b890 code [0x000002746354ba40, 0x000002746354bbb0]
Event: 8.800 Thread 0x0000027479850800 4124       1       com.mysql.cj.protocol.ExportControlled::lambda$getAllowedCiphers$5 (36 bytes)
Event: 8.801 Thread 0x0000027479850800 nmethod 4124 0x000002746354bc90 code [0x000002746354be80, 0x000002746354c3e0]
Event: 8.801 Thread 0x0000027479850800 4126       1       sun.security.util.ECKeySizeParameterSpec::getKeySize (5 bytes)
Event: 8.801 Thread 0x0000027479850800 nmethod 4126 0x000002746354c710 code [0x000002746354c8a0, 0x000002746354c9b8]
Event: 8.801 Thread 0x0000027479850800 4125       1       com.mysql.cj.protocol.ExportControlled$$Lambda$739/0x0000000100587c40::get$Lambda (9 bytes)
Event: 8.801 Thread 0x0000027479850800 nmethod 4125 0x000002746354ca10 code [0x000002746354cba0, 0x000002746354cd38]

GC Heap History (10 events):
Event: 4.420 GC heap after
{Heap after GC invocations=3 (full 0):
 garbage-first heap   total 131072K, used 13310K [0x0000000081c00000, 0x0000000100000000)
  region size 1024K, 4 young (4096K), 4 survivors (4096K)
 Metaspace       used 20502K, capacity 21169K, committed 21296K, reserved 1069056K
  class space    used 2357K, capacity 2615K, committed 2688K, reserved 1048576K
}
Event: 5.186 GC heap before
{Heap before GC invocations=4 (full 0):
 garbage-first heap   total 131072K, used 81918K [0x0000000081c00000, 0x0000000100000000)
  region size 1024K, 72 young (73728K), 4 survivors (4096K)
 Metaspace       used 27660K, capacity 28566K, committed 28720K, reserved 1075200K
  class space    used 3327K, capacity 3674K, committed 3712K, reserved 1048576K
}
Event: 5.203 GC heap after
{Heap after GC invocations=5 (full 0):
 garbage-first heap   total 131072K, used 14478K [0x0000000081c00000, 0x0000000100000000)
  region size 1024K, 5 young (5120K), 5 survivors (5120K)
 Metaspace       used 27660K, capacity 28566K, committed 28720K, reserved 1075200K
  class space    used 3327K, capacity 3674K, committed 3712K, reserved 1048576K
}
Event: 5.918 GC heap before
{Heap before GC invocations=5 (full 0):
 garbage-first heap   total 131072K, used 86158K [0x0000000081c00000, 0x0000000100000000)
  region size 1024K, 76 young (77824K), 5 survivors (5120K)
 Metaspace       used 29530K, capacity 30509K, committed 30640K, reserved 1075200K
  class space    used 3592K, capacity 3981K, committed 4096K, reserved 1048576K
}
Event: 5.927 GC heap after
{Heap after GC invocations=6 (full 0):
 garbage-first heap   total 131072K, used 15950K [0x0000000081c00000, 0x0000000100000000)
  region size 1024K, 7 young (7168K), 7 survivors (7168K)
 Metaspace       used 29530K, capacity 30509K, committed 30640K, reserved 1075200K
  class space    used 3592K, capacity 3981K, committed 4096K, reserved 1048576K
}
Event: 6.946 GC heap before
{Heap before GC invocations=6 (full 0):
 garbage-first heap   total 131072K, used 76366K [0x0000000081c00000, 0x0000000100000000)
  region size 1024K, 67 young (68608K), 7 survivors (7168K)
 Metaspace       used 34599K, capacity 35698K, committed 35888K, reserved 1081344K
  class space    used 4311K, capacity 4716K, committed 4736K, reserved 1048576K
}
Event: 6.961 GC heap after
{Heap after GC invocations=7 (full 0):
 garbage-first heap   total 131072K, used 17746K [0x0000000081c00000, 0x0000000100000000)
  region size 1024K, 6 young (6144K), 6 survivors (6144K)
 Metaspace       used 34599K, capacity 35698K, committed 35888K, reserved 1081344K
  class space    used 4311K, capacity 4716K, committed 4736K, reserved 1048576K
}
Event: 7.408 GC heap before
{Heap before GC invocations=8 (full 0):
 garbage-first heap   total 131072K, used 88402K [0x0000000081c00000, 0x0000000100000000)
  region size 1024K, 76 young (77824K), 6 survivors (6144K)
 Metaspace       used 37362K, capacity 38601K, committed 38704K, reserved 1083392K
  class space    used 4666K, capacity 5155K, committed 5248K, reserved 1048576K
}
Event: 7.420 GC heap after
{Heap after GC invocations=9 (full 0):
 garbage-first heap   total 131072K, used 20012K [0x0000000081c00000, 0x0000000100000000)
  region size 1024K, 6 young (6144K), 6 survivors (6144K)
 Metaspace       used 37362K, capacity 38601K, committed 38704K, reserved 1083392K
  class space    used 4666K, capacity 5155K, committed 5248K, reserved 1048576K
}
Event: 8.802 GC heap before
{Heap before GC invocations=9 (full 0):
 garbage-first heap   total 131072K, used 90668K [0x0000000081c00000, 0x0000000100000000)
  region size 1024K, 76 young (77824K), 6 survivors (6144K)
 Metaspace       used 45649K, capacity 47020K, committed 47280K, reserved 1091584K
  class space    used 5610K, capacity 6135K, committed 6144K, reserved 1048576K
}

Deoptimization events (0 events):
No events

Classes redefined (0 events):
No events

Internal exceptions (10 events):
Event: 7.315 Thread 0x000002747b1a5000 Exception <a 'java/lang/reflect/InvocationTargetException'{0x000000008598b688}> (0x000000008598b688) thrown at [./open/src/hotspot/share/runtime/reflection.cpp, line 1242]
Event: 7.430 Thread 0x000002745a2c6000 Exception <a 'java/io/FileNotFoundException'{0x0000000089b386e0}> (0x0000000089b386e0) thrown at [./open/src/hotspot/share/prims/jni.cpp, line 611]
Event: 7.430 Thread 0x000002745a2c6000 Exception <a 'java/io/FileNotFoundException'{0x0000000089b39ac0}> (0x0000000089b39ac0) thrown at [./open/src/hotspot/share/prims/jni.cpp, line 611]
Event: 7.511 Thread 0x000002745a2c6000 Exception <a 'java/lang/NoSuchMethodError'{0x00000000898fba38}: java.lang.invoke.DirectMethodHandle$Holder.invokeInterface(Ljava/lang/Object;Ljava/lang/Object;Ljava/lang/Object;Ljava/lang/Object;)I> (0x00000000898fba38) thrown at [./open/src/hotspot/share
Event: 7.591 Thread 0x000002745a2c6000 Exception <a 'java/io/FileNotFoundException'{0x000000008949fec8}> (0x000000008949fec8) thrown at [./open/src/hotspot/share/prims/jni.cpp, line 611]
Event: 7.822 Thread 0x000002747b1a5000 Exception <a 'java/lang/reflect/InvocationTargetException'{0x000000008898b328}> (0x000000008898b328) thrown at [./open/src/hotspot/share/runtime/reflection.cpp, line 1242]
Event: 8.083 Thread 0x000002745a2c6000 Exception <a 'sun/nio/fs/WindowsException'{0x000000008794cca0}> (0x000000008794cca0) thrown at [./open/src/hotspot/share/prims/jni.cpp, line 611]
Event: 8.102 Thread 0x000002745a2c6000 Exception <a 'java/lang/NoSuchMethodError'{0x0000000087995798}: java.lang.invoke.DirectMethodHandle$Holder.invokeStaticInit(Ljava/lang/Object;Ljava/lang/Object;Ljava/lang/Object;Ljava/lang/Object;)I> (0x0000000087995798) thrown at [./open/src/hotspot/shar
Event: 8.330 Thread 0x000002747b1a5000 Exception <a 'java/lang/reflect/InvocationTargetException'{0x00000000872099f0}> (0x00000000872099f0) thrown at [./open/src/hotspot/share/runtime/reflection.cpp, line 1242]
Event: 8.571 Thread 0x000002745a2c6000 Exception <a 'java/lang/NoSuchMethodError'{0x000000008690eec0}: java.lang.invoke.DirectMethodHandle$Holder.invokeStaticInit(Ljava/lang/Object;Ljava/lang/Object;Ljava/lang/Object;Ljava/lang/Object;)Ljava/lang/Object;> (0x000000008690eec0) thrown at [./open

Events (10 events):
Event: 8.798 loading class net/bytebuddy/matcher/ElementMatcher$Junction done
Event: 8.799 loading class net/bytebuddy/matcher/ElementMatcher
Event: 8.799 loading class net/bytebuddy/matcher/ElementMatcher done
Event: 8.800 loading class net/bytebuddy/matcher/StringMatcher
Event: 8.800 loading class net/bytebuddy/matcher/StringMatcher done
Event: 8.801 loading class net/bytebuddy/matcher/StringMatcher$Mode
Event: 8.801 loading class net/bytebuddy/matcher/StringMatcher$Mode done
Event: 8.801 loading class net/bytebuddy/matcher/StringMatcher$Mode$1
Event: 8.802 loading class net/bytebuddy/matcher/StringMatcher$Mode$1 done
Event: 8.802 Executing VM operation: G1CollectForAllocation


Dynamic libraries:
0x00007ff78d7a0000 - 0x00007ff78d7af000 	C:\Program Files\Java\jdk-11.0.9\bin\java.exe
0x00007ffebdcf0000 - 0x00007ffebdee8000 	C:\WINDOWS\SYSTEM32\ntdll.dll
0x00007ffebd1b0000 - 0x00007ffebd26f000 	C:\WINDOWS\System32\KERNEL32.DLL
0x00007ffebb6b0000 - 0x00007ffebb982000 	C:\WINDOWS\System32\KERNELBASE.dll
0x00007ffebb3e0000 - 0x00007ffebb4e0000 	C:\WINDOWS\System32\ucrtbase.dll
0x00007ffeb58c0000 - 0x00007ffeb58d5000 	C:\Program Files\Java\jdk-11.0.9\bin\VCRUNTIME140.dll
0x00007ffeb5880000 - 0x00007ffeb5898000 	C:\Program Files\Java\jdk-11.0.9\bin\jli.dll
0x00007ffebd0a0000 - 0x00007ffebd14e000 	C:\WINDOWS\System32\ADVAPI32.dll
0x00007ffebbde0000 - 0x00007ffebbe7e000 	C:\WINDOWS\System32\msvcrt.dll
0x00007ffebd000000 - 0x00007ffebd09c000 	C:\WINDOWS\System32\sechost.dll
0x00007ffebda50000 - 0x00007ffebdb75000 	C:\WINDOWS\System32\RPCRT4.dll
0x00007ffebbe80000 - 0x00007ffebc021000 	C:\WINDOWS\System32\USER32.dll
0x00007ffebb5d0000 - 0x00007ffebb5f2000 	C:\WINDOWS\System32\win32u.dll
0x00007ffea80d0000 - 0x00007ffea836a000 	C:\WINDOWS\WinSxS\amd64_microsoft.windows.common-controls_6595b64144ccf1df_6.0.19041.1110_none_60b5254171f9507e\COMCTL32.dll
0x00007ffebc030000 - 0x00007ffebc05b000 	C:\WINDOWS\System32\GDI32.dll
0x00007ffebbb90000 - 0x00007ffebbc9f000 	C:\WINDOWS\System32\gdi32full.dll
0x00007ffebb530000 - 0x00007ffebb5cd000 	C:\WINDOWS\System32\msvcp_win.dll
0x00007ffeb3a40000 - 0x00007ffeb3a4a000 	C:\WINDOWS\SYSTEM32\VERSION.dll
0x00007ffebdb80000 - 0x00007ffebdbb2000 	C:\WINDOWS\System32\IMM32.DLL
0x00007ffeaf180000 - 0x00007ffeaf21b000 	C:\Program Files\Java\jdk-11.0.9\bin\msvcp140.dll
0x00007ffe63690000 - 0x00007ffe64187000 	C:\Program Files\Java\jdk-11.0.9\bin\server\jvm.dll
0x00007ffebdc20000 - 0x00007ffebdc28000 	C:\WINDOWS\System32\PSAPI.DLL
0x00007ffea2950000 - 0x00007ffea2959000 	C:\WINDOWS\SYSTEM32\WSOCK32.dll
0x00007ffebc170000 - 0x00007ffebc1db000 	C:\WINDOWS\System32\WS2_32.dll
0x00007ffeae240000 - 0x00007ffeae267000 	C:\WINDOWS\SYSTEM32\WINMM.dll
0x00007ffeb9e80000 - 0x00007ffeb9e92000 	C:\WINDOWS\SYSTEM32\kernel.appcore.dll
0x00007ffeb69b0000 - 0x00007ffeb69c0000 	C:\Program Files\Java\jdk-11.0.9\bin\verify.dll
0x00007ffeb9170000 - 0x00007ffeb9354000 	C:\WINDOWS\SYSTEM32\DBGHELP.DLL
0x00007ffea0f70000 - 0x00007ffea0fa5000 	C:\WINDOWS\SYSTEM32\dbgcore.DLL
0x00007ffebbca0000 - 0x00007ffebbd22000 	C:\WINDOWS\System32\bcryptPrimitives.dll
0x00007ffeafeb0000 - 0x00007ffeafed8000 	C:\Program Files\Java\jdk-11.0.9\bin\java.dll
0x00007ffeb6990000 - 0x00007ffeb699a000 	C:\Program Files\Java\jdk-11.0.9\bin\jimage.dll
0x00007ffeaf280000 - 0x00007ffeaf2b8000 	C:\Program Files\Java\jdk-11.0.9\bin\jdwp.dll
0x00007ffeb6840000 - 0x00007ffeb684e000 	C:\Program Files\Java\jdk-11.0.9\bin\instrument.dll
0x00007ffeb42e0000 - 0x00007ffeb42f6000 	C:\Program Files\Java\jdk-11.0.9\bin\zip.dll
0x00007ffebd270000 - 0x00007ffebd9b5000 	C:\WINDOWS\System32\SHELL32.dll
0x00007ffeb9360000 - 0x00007ffeb9af2000 	C:\WINDOWS\SYSTEM32\windows.storage.dll
0x00007ffebc730000 - 0x00007ffebca85000 	C:\WINDOWS\System32\combase.dll
0x00007ffebae40000 - 0x00007ffebae70000 	C:\WINDOWS\SYSTEM32\Wldp.dll
0x00007ffebc060000 - 0x00007ffebc10d000 	C:\WINDOWS\System32\SHCORE.dll
0x00007ffebc110000 - 0x00007ffebc165000 	C:\WINDOWS\System32\shlwapi.dll
0x00007ffebb320000 - 0x00007ffebb33f000 	C:\WINDOWS\SYSTEM32\profapi.dll
0x00007ffeb5a60000 - 0x00007ffeb5a6a000 	C:\Program Files\Java\jdk-11.0.9\bin\dt_socket.dll
0x00007ffebaba0000 - 0x00007ffebac0a000 	C:\WINDOWS\system32\mswsock.dll
0x00007ffeb3fb0000 - 0x00007ffeb3fc9000 	C:\Program Files\Java\jdk-11.0.9\bin\net.dll
0x00007ffeb3c50000 - 0x00007ffeb3d5c000 	C:\WINDOWS\SYSTEM32\WINHTTP.dll
0x00007ffeb3e40000 - 0x00007ffeb3e52000 	C:\Program Files\Java\jdk-11.0.9\bin\nio.dll
0x00007ffeba880000 - 0x00007ffeba94b000 	C:\WINDOWS\SYSTEM32\DNSAPI.dll
0x00007ffeba840000 - 0x00007ffeba87b000 	C:\WINDOWS\SYSTEM32\IPHLPAPI.DLL
0x00007ffebcbc0000 - 0x00007ffebcbc8000 	C:\WINDOWS\System32\NSI.dll
0x000000005c4a0000 - 0x000000005c4c6000 	C:\Program Files\Bonjour\mdnsNSP.dll
0x00007ffeb1470000 - 0x00007ffeb147a000 	C:\Windows\System32\rasadhlp.dll
0x00007ffeb1210000 - 0x00007ffeb1290000 	C:\WINDOWS\System32\fwpuclnt.dll
0x00007ffebba00000 - 0x00007ffebba27000 	C:\WINDOWS\System32\bcrypt.dll
0x00007ffeb6970000 - 0x00007ffeb6979000 	C:\Program Files\Java\jdk-11.0.9\bin\management.dll
0x00007ffeb6870000 - 0x00007ffeb687b000 	C:\Program Files\Java\jdk-11.0.9\bin\management_ext.dll
0x00007ffebada0000 - 0x00007ffebadb8000 	C:\WINDOWS\SYSTEM32\CRYPTSP.dll
0x00007ffeba450000 - 0x00007ffeba484000 	C:\WINDOWS\system32\rsaenh.dll
0x00007ffebb2a0000 - 0x00007ffebb2ce000 	C:\WINDOWS\SYSTEM32\USERENV.dll
0x00007ffebad90000 - 0x00007ffebad9c000 	C:\WINDOWS\SYSTEM32\CRYPTBASE.dll
0x00007ffeb4740000 - 0x00007ffeb4757000 	C:\WINDOWS\SYSTEM32\dhcpcsvc6.DLL
0x00007ffeb4b50000 - 0x00007ffeb4b6d000 	C:\WINDOWS\SYSTEM32\dhcpcsvc.DLL
0x00007ffe8d270000 - 0x00007ffe8d287000 	C:\WINDOWS\system32\napinsp.dll
0x00007ffe8d220000 - 0x00007ffe8d23b000 	C:\WINDOWS\system32\pnrpnsp.dll
0x00007ffe8d0a0000 - 0x00007ffe8d0b5000 	C:\WINDOWS\system32\wshbth.dll
0x00007ffeb6660000 - 0x00007ffeb667d000 	C:\WINDOWS\system32\NLAapi.dll
0x00007ffe8b380000 - 0x00007ffe8b392000 	C:\WINDOWS\System32\winrnr.dll
0x00007ffeb5900000 - 0x00007ffeb590d000 	C:\Program Files\Java\jdk-11.0.9\bin\sunmscapi.dll
0x00007ffebba30000 - 0x00007ffebbb86000 	C:\WINDOWS\System32\CRYPT32.dll
0x00007ffebaeb0000 - 0x00007ffebaed7000 	C:\WINDOWS\SYSTEM32\ncrypt.dll
0x00007ffebae70000 - 0x00007ffebaeab000 	C:\WINDOWS\SYSTEM32\NTASN1.dll
0x00007ffeaf150000 - 0x00007ffeaf175000 	C:\Program Files\Java\jdk-11.0.9\bin\sunec.dll

dbghelp: loaded successfully - version: 4.0.5 - missing functions: none
symbol engine: initialized successfully - sym options: 0x614 - pdb path: .;C:\Program Files\Java\jdk-11.0.9\bin;C:\WINDOWS\SYSTEM32;C:\WINDOWS\WinSxS\amd64_microsoft.windows.common-controls_6595b64144ccf1df_6.0.19041.1110_none_60b5254171f9507e;C:\Program Files\Java\jdk-11.0.9\bin\server;C:\Program Files\Bonjour

VM Arguments:
jvm_args: -agentlib:jdwp=transport=dt_socket,address=127.0.0.1:50352,suspend=y,server=n -XX:TieredStopAtLevel=1 -Xverify:none -Dspring.output.ansi.enabled=always -javaagent:C:\Users\LUUQUAN-PC\AppData\Local\JetBrains\IntelliJIdea2021.2\groovyHotSwap\gragent.jar -javaagent:C:\Users\LUUQUAN-PC\AppData\Local\JetBrains\IntelliJIdea2021.2\captureAgent\debugger-agent.jar=file:/C:/Users/LUUQUAN-PC/AppData/Local/Temp/capture.props -Dcom.sun.management.jmxremote -Dspring.jmx.enabled=true -Dspring.liveBeansView.mbeanDomain -Dspring.application.admin.enabled=true -Dfile.encoding=UTF-8 
java_command: com.jpa.jpaCode.event.Main
java_class_path (initial): Q:\Init java\jpaCode\jpaCode\build\classes\java\main;Q:\Init java\jpaCode\jpaCode\build\resources\main;C:\Users\LUUQUAN-PC\.gradle\caches\modules-2\files-2.1\org.projectlombok\lombok\1.18.24\13a394eed5c4f9efb2a6d956e2086f1d81e857d9\lombok-1.18.24.jar;C:\Users\LUUQUAN-PC\.gradle\caches\modules-2\files-2.1\org.springframework.boot\spring-boot-starter-data-jpa\2.7.1\39e98264c195a06c8c29a63c24b6ce295ca10795\spring-boot-starter-data-jpa-2.7.1.jar;C:\Users\LUUQUAN-PC\.gradle\caches\modules-2\files-2.1\org.springframework.boot\spring-boot-starter-validation\2.7.1\8546b0ad5fa5ce6d37cff18a27386532540e2ab8\spring-boot-starter-validation-2.7.1.jar;C:\Users\LUUQUAN-PC\.gradle\caches\modules-2\files-2.1\org.springframework.boot\spring-boot-starter-web\2.7.1\29f47f503f9955b1a9746870aeaebdba448416d\spring-boot-starter-web-2.7.1.jar;C:\Users\LUUQUAN-PC\.gradle\caches\modules-2\files-2.1\org.modelmapper\modelmapper\3.1.0\a3727e6b449dfc9d9052d48185d1eeb029faaf12\modelmapper-3.1.0.jar;C:\Users\LUUQUAN-PC\.gradle\caches\modules-2\files-2.1\com.graphql-java\graphql-java\1.2\6c48e957afa9dc56a95c23ac3ed1485351972668\graphql-java-1.2.jar;C:\Users\LUUQUAN-PC\.gradle\caches\modules-2\files-2.1\org.springframework.kafka\spring-kafka\2.8.7\b767af6592e93e0b1a8e34a405f820c778dc7bcf\spring-kafka-2.8.7.jar;C:\Users\LUUQUAN-PC\.gradle\caches\modules-2\files-2.1\com.google.firebase\firebase-admin\8.1.0\59a89fa404b2575d8f85187e07c0675aa55ee7a1\firebase-admin-8.1.0.jar;C:\Users\LUUQUAN-PC\.gradle\caches\modules-2\files-2.1\org.json\json\20171018\36ced462c97f0845b4a7b266a25cebe95d18baa3\json-20171018.jar;C:\Users\LUUQUAN-PC\.gradle\caches\modules-2\files-2.1\org.springframework.boot\spring-boot-starter-aop\2.7.1\e7c78497e3528ae3037c723259b4b0944994f03\spring-boot-starter-aop-2.7.1.jar;C:\Users\LUUQUAN-PC\.gradle\caches\modules-2\files-2.1\org.springframework.boot\spring-boot-starter-jdbc\2.7.1\bba8a72a8042cec0b7961f11b0b3332724f5845e\spring-boot-starter-jdbc-2.7.1.jar;C:\Us
Launcher Type: SUN_STANDARD

[Global flags]
     bool BytecodeVerificationLocal                = false                                     {product} {command line}
     bool BytecodeVerificationRemote               = false                                     {product} {command line}
     intx CICompilerCount                          = 4                                         {product} {ergonomic}
     uint ConcGCThreads                            = 2                                         {product} {ergonomic}
     uint G1ConcRefinementThreads                  = 8                                         {product} {ergonomic}
   size_t G1HeapRegionSize                         = 1048576                                   {product} {ergonomic}
    uintx GCDrainStackTargetSize                   = 64                                        {product} {ergonomic}
   size_t InitialHeapSize                          = 134217728                                 {product} {ergonomic}
     bool ManagementServer                         = true                                      {product} {command line}
   size_t MarkStackSize                            = 4194304                                   {product} {ergonomic}
   size_t MaxHeapSize                              = 2118123520                                {product} {ergonomic}
   size_t MaxNewSize                               = 1270874112                                {product} {ergonomic}
   size_t MinHeapDeltaBytes                        = 1048576                                   {product} {ergonomic}
    uintx NonNMethodCodeHeapSize                   = 7549744                                {pd product} {ergonomic}
    uintx NonProfiledCodeHeapSize                  = 244108496                              {pd product} {ergonomic}
    uintx ProfiledCodeHeapSize                     = 0                                      {pd product} {ergonomic}
    uintx ReservedCodeCacheSize                    = 251658240                              {pd product} {ergonomic}
     bool SegmentedCodeCache                       = true                                      {product} {ergonomic}
     intx TieredStopAtLevel                        = 1                                         {product} {command line}
     bool UseCompressedClassPointers               = true                                 {lp64_product} {ergonomic}
     bool UseCompressedOops                        = true                                 {lp64_product} {ergonomic}
     bool UseG1GC                                  = true                                      {product} {ergonomic}
     bool UseLargePagesIndividualAllocation        = false                                  {pd product} {ergonomic}

Logging:
Log output configuration:
 #0: stdout all=warning uptime,level,tags
 #1: stderr all=off uptime,level,tags

Environment Variables:
PATH=C:\Python39\Scripts\;C:\Python39\;C:\Program Files\Common Files\Oracle\Java\javapath;E:\Downloads\WINDOWS.X64_193000_db_home\bin;C:\Program Files (x86)\Common Files\Oracle\Java\javapath;C:\Program Files\Microsoft MPI\Bin\;C:\Program Files (x86)\Common Files\Intel\Shared Libraries\redist\intel64\compiler;C:\Program Files (x86)\Intel\iCLS Client\;C:\Program Files\Intel\iCLS Client\;C:\Windows\system32;C:\Windows;C:\Windows\System32\Wbem;C:\Windows\System32\WindowsPowerShell\v1.0\;C:\Program Files (x86)\Intel\Intel(R) Management Engine Components\DAL;C:\Program Files\Intel\Intel(R) Management Engine Components\DAL;C:\Program Files (x86)\Intel\Intel(R) Management Engine Components\IPT;C:\Program Files\Intel\Intel(R) Management Engine Components\IPT;C:\Program Files (x86)\NVIDIA Corporation\PhysX\Common;C:\WINDOWS\system32;C:\WINDOWS;C:\WINDOWS\System32\Wbem;C:\WINDOWS\System32\WindowsPowerShell\v1.0\;C:\WINDOWS\System32\OpenSSH\;C:\Program Files (x86)\DevDesktop\tools;C:\Program Files\Java\jdk1.8.0_181\bin;C:\Program Files\Intel\WiFi\bin\;C:\Program Files\Common Files\Intel\WirelessCommon\;C:\Program Files\Microsoft SQL Server\Client SDK\ODBC\130\Tools\Binn\;C:\Program Files (x86)\Microsoft SQL Server\140\Tools\Binn\;C:\Program Files\Microsoft SQL Server\140\Tools\Binn\;C:\Program Files\Microsoft SQL Server\140\DTS\Binn\;C:\Program Files\Microsoft SQL Server\Client SDK\ODBC\170\Tools\Binn\;C:\Program Files\Git\cmd;C:\ProgramData\chocolatey\bin;C:\Program Files\nodejs\;C:\Program Files\PostgreSQL\13\bin;C:\Program Files\Java\jdk-17.0.5\bin;C:\Program Files\Go\bin;C:\Users\LUUQUAN-PC\AppData\Local\Microsoft\WindowsApps;C:\Users\LUUQUAN-PC\AppData\Local\Programs\Microsoft VS Code\bin;C:\Users\LUUQUAN-PC\AppData\Local\Microsoft\WindowsApps;C:\Program Files\IBM\SDP\cordova_cli;C:\Users\LUUQUAN-PC\AppData\Roaming\npm;C:\Program Files\PostgreSQL\13\bin;C:\Program Files (x86)\BrowserStackLocal\;C:\Program Files\heroku\bin;C:\Program Files\JetBrains\PyCharm 2022.1.4\bin;C:\flu
USERNAME=LUUQUAN-PC
OS=Windows_NT
PROCESSOR_IDENTIFIER=Intel64 Family 6 Model 142 Stepping 10, GenuineIntel



---------------  S Y S T E M  ---------------

OS: Windows 10 , 64 bit Build 19041 (10.0.19041.2546)

CPU:total 8 (initial active 8) (4 cores per cpu, 2 threads per core) family 6 model 142 stepping 10, cmov, cx8, fxsr, mmx, sse, sse2, sse3, ssse3, sse4.1, sse4.2, popcnt, avx, avx2, aes, clmul, erms, 3dnowpref, lzcnt, ht, tsc, tscinvbit, bmi1, bmi2, adx, fma

Memory: 4k page, system-wide physical 8078M (431M free)
TotalPageFile size 18318M (AvailPageFile size 24M)
current process WorkingSet (physical memory assigned to process): 207M, peak: 207M
current process commit charge ("private bytes"): 278M, peak: 304M

vm_info: Java HotSpot(TM) 64-Bit Server VM (11.0.9+7-LTS) for windows-amd64 JRE (11.0.9+7-LTS), built on Sep 15 2020 16:47:03 by "mach5one" with MS VC++ 15.9 (VS2017)

END.
